<?xml version="1.0" encoding="UTF-8"?>
<!-- Generated by org.testng.reporters.JUnitReportReporter -->
<testsuite hostname="DESKTOP-BMU1KM3" failures="0" tests="2" name="prac2.OrgTest" time="0.042" errors="0" timestamp="03 Jun 2024 07:29:12 GMT" skipped="0">
  <testcase classname="prac2.OrgTest" name="createOrg" time="0.036"/>
  <testcase classname="prac2.OrgTest" name="modifyOrg" time="0.006"/>
</testsuite> <!-- prac2.OrgTest -->
