<?xml version="1.0" encoding="UTF-8"?>
<!-- Generated by org.testng.reporters.JUnitReportReporter -->
<testsuite hostname="DESKTOP-BMU1KM3" failures="0" tests="2" name="ContactTest" time="0.031" errors="0" timestamp="03 Jun 2024 07:29:04 GMT" skipped="0">
  <testcase classname="ContactTest" name="createContact" time="0.028"/>
  <testcase classname="ContactTest" name="updateContact" time="0.003"/>
</testsuite> <!-- ContactTest -->
